<?xml version="1.0" encoding="UTF-8"?>
<!-- Generated by org.testng.reporters.JUnitXMLReporter -->
<testsuite ignored="4" hostname="ferides-MacBook-Pro.local" failures="0" tests="1" name="Default test" time="0.218" errors="0" timestamp="08 Jan 2019 20:58:43 GMT">
  <testcase classname="com.bookit.test.JDBCTest" name="useDBUtils" time="0.197"/>
  <testcase classname="com.bookit.test.JDBCTest" name="dbDynamic" time="0.0">
    <ignored/>
  </testcase> <!-- dbDynamic -->
  <testcase classname="com.bookit.test.JDBCTest" name="PostgreSQL" time="0.0">
    <ignored/>
  </testcase> <!-- PostgreSQL -->
  <testcase classname="com.bookit.test.JDBCTest" name="dbData" time="0.0">
    <ignored/>
  </testcase> <!-- dbData -->
  <testcase classname="com.bookit.test.JDBCTest" name="JDBCMetaData" time="0.0">
    <ignored/>
  </testcase> <!-- JDBCMetaData -->
</testsuite> <!-- Default test -->
