<?xml version="1.0" encoding="UTF-8"?>
<testng-results ignored="4" total="5" passed="1" failed="0" skipped="0">
  <reporter-output>
  </reporter-output>
  <suite started-at="2019-01-08T20:58:38Z" name="Default suite" finished-at="2019-01-08T20:58:38Z" duration-ms="218">
    <groups>
    </groups>
    <test started-at="2019-01-08T20:58:38Z" name="Default test" finished-at="2019-01-08T20:58:38Z" duration-ms="218">
      <class name="com.bookit.test.JDBCTest">
        <test-method signature="useDBUtils()[pri:0, instance:com.bookit.test.JDBCTest@77f80c04]" started-at="2019-01-08T20:58:38Z" name="useDBUtils" finished-at="2019-01-08T20:58:38Z" duration-ms="197" status="PASS">
          <reporter-output>
          </reporter-output>
        </test-method> <!-- useDBUtils -->
      </class> <!-- com.bookit.test.JDBCTest -->
    </test> <!-- Default test -->
  </suite> <!-- Default suite -->
</testng-results>
